# JRE version: OpenJDK Runtime Environment (8.0_242-b01) (build 1.8.0_242-release-1644-b01)
# Java VM: OpenJDK 64-Bit Server VM (25.242-b01 mixed mode windows-amd64 compressed oops)
Heap:
 PSYoungGen      total 529408K, used 357432K [0x00000000d5580000, 0x0000000100000000, 0x0000000100000000)
  eden space 376320K, 88% used [0x00000000d5580000,0x00000000e98fbf00,0x00000000ec500000)
  from space 153088K, 17% used [0x00000000ec500000,0x00000000ede92208,0x00000000f5a80000)
  to   space 149504K, 0% used [0x00000000f6e00000,0x00000000f6e00000,0x0000000100000000)
 ParOldGen       total 450048K, used 287918K [0x0000000080000000, 0x000000009b780000, 0x00000000d5580000)
  object space 450048K, 63% used [0x0000000080000000,0x000000009192b958,0x000000009b780000)
 Metaspace       used 111329K, capacity 117780K, committed 117936K, reserved 1150976K
  class space    used 14139K, capacity 15433K, committed 15536K, reserved 1048576K
GC Heap History (10 events):
Event: 1761.790 GC heap before
{Heap before GC invocations=38 (full 5):
 PSYoungGen      total 497664K, used 353166K [0x00000000d5580000, 0x00000000ff380000, 0x0000000100000000)
  eden space 331776K, 100% used [0x00000000d5580000,0x00000000e9980000,0x00000000e9980000)
  from space 165888K, 12% used [0x00000000f5180000,0x00000000f66639a8,0x00000000ff380000)
  to   space 177152K, 0% used [0x00000000e9980000,0x00000000e9980000,0x00000000f4680000)
 ParOldGen       total 450048K, used 268439K [0x0000000080000000, 0x000000009b780000, 0x00000000d5580000)
  object space 450048K, 59% used [0x0000000080000000,0x0000000090625d10,0x000000009b780000)
 Metaspace       used 107385K, capacity 113486K, committed 113712K, reserved 1148928K
  class space    used 13659K, capacity 14846K, committed 14896K, reserved 1048576K
Event: 1762.349 GC heap after
Heap after GC invocations=38 (full 5):
 PSYoungGen      total 508928K, used 47512K [0x00000000d5580000, 0x00000000ffd00000, 0x0000000100000000)
  eden space 331776K, 0% used [0x00000000d5580000,0x00000000d5580000,0x00000000e9980000)
  from space 177152K, 26% used [0x00000000e9980000,0x00000000ec7e63a0,0x00000000f4680000)
  to   space 169984K, 0% used [0x00000000f5700000,0x00000000f5700000,0x00000000ffd00000)
 ParOldGen       total 450048K, used 268455K [0x0000000080000000, 0x000000009b780000, 0x00000000d5580000)
  object space 450048K, 59% used [0x0000000080000000,0x0000000090629d10,0x000000009b780000)
 Metaspace       used 107385K, capacity 113486K, committed 113712K, reserved 1148928K
  class space    used 13659K, capacity 14846K, committed 14896K, reserved 1048576K
}
Event: 1775.954 GC heap before
{Heap before GC invocations=39 (full 5):
 PSYoungGen      total 508928K, used 379288K [0x00000000d5580000, 0x00000000ffd00000, 0x0000000100000000)
  eden space 331776K, 100% used [0x00000000d5580000,0x00000000e9980000,0x00000000e9980000)
  from space 177152K, 26% used [0x00000000e9980000,0x00000000ec7e63a0,0x00000000f4680000)
  to   space 169984K, 0% used [0x00000000f5700000,0x00000000f5700000,0x00000000ffd00000)
 ParOldGen       total 450048K, used 268455K [0x0000000080000000, 0x000000009b780000, 0x00000000d5580000)
  object space 450048K, 59% used [0x0000000080000000,0x0000000090629d10,0x000000009b780000)
 Metaspace       used 107579K, capacity 113710K, committed 113968K, reserved 1148928K
  class space    used 13679K, capacity 14852K, committed 14896K, reserved 1048576K
Event: 1776.590 GC heap after
Heap after GC invocations=39 (full 5):
 PSYoungGen      total 506368K, used 40058K [0x00000000d5580000, 0x00000000fee00000, 0x0000000100000000)
  eden space 351744K, 0% used [0x00000000d5580000,0x00000000d5580000,0x00000000ead00000)
  from space 154624K, 25% used [0x00000000f5700000,0x00000000f7e1eae8,0x00000000fee00000)
  to   space 164352K, 0% used [0x00000000ead00000,0x00000000ead00000,0x00000000f4d80000)
 ParOldGen       total 450048K, used 268487K [0x0000000080000000, 0x000000009b780000, 0x00000000d5580000)
  object space 450048K, 59% used [0x0000000080000000,0x0000000090631d10,0x000000009b780000)
 Metaspace       used 107579K, capacity 113710K, committed 113968K, reserved 1148928K
  class space    used 13679K, capacity 14852K, committed 14896K, reserved 1048576K
}
Event: 1786.558 GC heap before
{Heap before GC invocations=40 (full 5):
 PSYoungGen      total 506368K, used 391802K [0x00000000d5580000, 0x00000000fee00000, 0x0000000100000000)
  eden space 351744K, 100% used [0x00000000d5580000,0x00000000ead00000,0x00000000ead00000)
  from space 154624K, 25% used [0x00000000f5700000,0x00000000f7e1eae8,0x00000000fee00000)
  to   space 164352K, 0% used [0x00000000ead00000,0x00000000ead00000,0x00000000f4d80000)
 ParOldGen       total 450048K, used 268487K [0x0000000080000000, 0x000000009b780000, 0x00000000d5580000)
  object space 450048K, 59% used [0x0000000080000000,0x0000000090631d10,0x000000009b780000)
 Metaspace       used 107648K, capacity 113780K, committed 113968K, reserved 1148928K
  class space    used 13680K, capacity 14853K, committed 14896K, reserved 1048576K
Event: 1787.031 GC heap after
Heap after GC invocations=40 (full 5):
 PSYoungGen      total 516096K, used 42289K [0x00000000d5580000, 0x00000000ffd80000, 0x0000000100000000)
  eden space 351744K, 0% used [0x00000000d5580000,0x00000000d5580000,0x00000000ead00000)
  from space 164352K, 25% used [0x00000000ead00000,0x00000000ed64c6d0,0x00000000f4d80000)
  to   space 158208K, 0% used [0x00000000f6300000,0x00000000f6300000,0x00000000ffd80000)
 ParOldGen       total 450048K, used 268487K [0x0000000080000000, 0x000000009b780000, 0x00000000d5580000)
  object space 450048K, 59% used [0x0000000080000000,0x0000000090631d10,0x000000009b780000)
 Metaspace       used 107648K, capacity 113780K, committed 113968K, reserved 1148928K
  class space    used 13680K, capacity 14853K, committed 14896K, reserved 1048576K
}
Event: 1789.357 GC heap before
{Heap before GC invocations=41 (full 5):
 PSYoungGen      total 516096K, used 394033K [0x00000000d5580000, 0x00000000ffd80000, 0x0000000100000000)
  eden space 351744K, 100% used [0x00000000d5580000,0x00000000ead00000,0x00000000ead00000)
  from space 164352K, 25% used [0x00000000ead00000,0x00000000ed64c6d0,0x00000000f4d80000)
  to   space 158208K, 0% used [0x00000000f6300000,0x00000000f6300000,0x00000000ffd80000)
 ParOldGen       total 450048K, used 268487K [0x0000000080000000, 0x000000009b780000, 0x00000000d5580000)
  object space 450048K, 59% used [0x0000000080000000,0x0000000090631d10,0x000000009b780000)
 Metaspace       used 108124K, capacity 114268K, committed 114608K, reserved 1148928K
  class space    used 13736K, capacity 14925K, committed 15024K, reserved 1048576K
Event: 1789.806 GC heap after
Heap after GC invocations=41 (full 5):
 PSYoungGen      total 520704K, used 36359K [0x00000000d5580000, 0x00000000ff000000, 0x0000000100000000)
  eden space 376320K, 0% used [0x00000000d5580000,0x00000000d5580000,0x00000000ec500000)
  from space 144384K, 25% used [0x00000000f6300000,0x00000000f8681f30,0x00000000ff000000)
  to   space 153088K, 0% used [0x00000000ec500000,0x00000000ec500000,0x00000000f5a80000)
 ParOldGen       total 450048K, used 283550K [0x0000000080000000, 0x000000009b780000, 0x00000000d5580000)
  object space 450048K, 63% used [0x0000000080000000,0x00000000914e78f0,0x000000009b780000)
 Metaspace       used 108124K, capacity 114268K, committed 114608K, reserved 1148928K
  class space    used 13736K, capacity 14925K, committed 15024K, reserved 1048576K
}
Event: 1791.834 GC heap before
{Heap before GC invocations=42 (full 5):
 PSYoungGen      total 520704K, used 412679K [0x00000000d5580000, 0x00000000ff000000, 0x0000000100000000)
  eden space 376320K, 100% used [0x00000000d5580000,0x00000000ec500000,0x00000000ec500000)
  from space 144384K, 25% used [0x00000000f6300000,0x00000000f8681f30,0x00000000ff000000)
  to   space 153088K, 0% used [0x00000000ec500000,0x00000000ec500000,0x00000000f5a80000)
 ParOldGen       total 450048K, used 283550K [0x0000000080000000, 0x000000009b780000, 0x00000000d5580000)
  object space 450048K, 63% used [0x0000000080000000,0x00000000914e78f0,0x000000009b780000)
 Metaspace       used 108134K, capacity 114272K, committed 114608K, reserved 1148928K
  class space    used 13736K, capacity 14925K, committed 15024K, reserved 1048576K
Event: 1792.006 GC heap after
Heap after GC invocations=42 (full 5):
 PSYoungGen      total 529408K, used 26184K [0x00000000d5580000, 0x0000000100000000, 0x0000000100000000)
  eden space 376320K, 0% used [0x00000000d5580000,0x00000000d5580000,0x00000000ec500000)
  from space 153088K, 17% used [0x00000000ec500000,0x00000000ede92208,0x00000000f5a80000)
  to   space 149504K, 0% used [0x00000000f6e00000,0x00000000f6e00000,0x0000000100000000)
 ParOldGen       total 450048K, used 287918K [0x0000000080000000, 0x000000009b780000, 0x00000000d5580000)
  object space 450048K, 63% used [0x0000000080000000,0x000000009192b958,0x000000009b780000)
 Metaspace       used 108134K, capacity 114272K, committed 114608K, reserved 1148928K
  class space    used 13736K, capacity 14925K, committed 15024K, reserved 1048576K
}

